#
# A fatal error has been detected by the Java Runtime Environment:
#
#  EXCEPTION_ACCESS_VIOLATION (0xc0000005) at pc=0x0000000063b25725, pid=8016, tid=0x0000000000002988
#
# JRE version: Java(TM) SE Runtime Environment (8.0_251-b08) (build 1.8.0_251-b08)
# Java VM: Java HotSpot(TM) 64-Bit Server VM (25.251-b08 mixed mode windows-amd64 compressed oops)
# Problematic frame:
# V  [jvm.dll+0x4a5725]
#
# Failed to write core dump. Minidumps are not enabled by default on client versions of Windows
#
# If you would like to submit a bug report, please visit:
#   http://bugreport.java.com/bugreport/crash.jsp
#

---------------  T H R E A D  ---------------

Current thread (0x0000000016619800):  JavaThread "C2 CompilerThread2" daemon [_thread_in_native, id=10632, stack(0x00000000170f0000,0x00000000171f0000)]

siginfo: ExceptionCode=0xc0000005, reading address 0x0000000000001c48

Registers:
RAX=0x000000000000002d, RBX=0x0000000000000004, RCX=0x0000000000000005, RDX=0x0000000000000001
RSP=0x00000000171ec110, RBP=0x00000000000009a1, RSI=0x00000000171ec210, RDI=0x00000000000009a1
R8 =0x000000000000002d, R9 =0x0000000018325be0, R10=0x0000000063680000, R11=0x00000000171ec000
R12=0x0000000063eab6d0, R13=0x0000000063680000, R14=0x0000000018a47488, R15=0x00000000000003d8
RIP=0x0000000063b25725, EFLAGS=0x0000000000010202

Top of Stack: (sp=0x00000000171ec110)
0x00000000171ec110:   0000000021e4f990 0000000021ea33b0
0x00000000171ec120:   00000000000009a1 00000000171ec210
0x00000000171ec130:   0000003200000000 0000000000000002
0x00000000171ec140:   0000000018098380 0000000000000001
0x00000000171ec150:   0000000017bcea68 000000000000001f
0x00000000171ec160:   0000000021ea34f0 00000000171ec500
0x00000000171ec170:   0000000018a470b0 00000000171ec500
0x00000000171ec180:   0000000018a470a0 0000000063af1501
0x00000000171ec190:   0000000000000000 00000000171ec290
0x00000000171ec1a0:   0000000000000000 0000000000000015
0x00000000171ec1b0:   0000000000000006 0000000018a470a0
0x00000000171ec1c0:   000000001b6e5a90 000000001b6e6760
0x00000000171ec1d0:   000000001b6eda78 0000000000620cc8
0x00000000171ec1e0:   0000000000000006 0000000017b208b0
0x00000000171ec1f0:   0000000017b208b0 0000000017b208c0
0x00000000171ec200:   0000000017b20c98 00000000000003d8 

Instructions: (pc=0x0000000063b25725)
0x0000000063b25705:   48 8d 4c 24 20 e8 b1 4e 00 00 85 c0 74 68 8b c0
0x0000000063b25715:   48 8d 1c 80 48 c1 e3 05 48 03 5e 10 85 ff 74 93
0x0000000063b25725:   48 8b 43 08 48 8b cd 48 c1 e9 08 4c 8b 0c c8 4d
0x0000000063b25735:   3b cc 75 0d 8b d7 48 8b cb e8 bd 4a 00 00 4c 8b 


Register to memory mapping:

RAX=0x000000000000002d is an unknown value
RBX=0x0000000000000004 is an unknown value
RCX=0x0000000000000005 is an unknown value
RDX=0x0000000000000001 is an unknown value
RSP=0x00000000171ec110 is pointing into the stack for thread: 0x0000000016619800
RBP=0x00000000000009a1 is an unknown value
RSI=0x00000000171ec210 is pointing into the stack for thread: 0x0000000016619800
RDI=0x00000000000009a1 is an unknown value
R8 =0x000000000000002d is an unknown value
R9 =0x0000000018325be0 is an unknown value
R10=0x0000000063680000 is an unknown value
R11=0x00000000171ec000 is pointing into the stack for thread: 0x0000000016619800
R12=0x0000000063eab6d0 is an unknown value
R13=0x0000000063680000 is an unknown value
R14=0x0000000018a47488 is an unknown value
R15=0x00000000000003d8 is an unknown value


Stack: [0x00000000170f0000,0x00000000171f0000],  sp=0x00000000171ec110,  free space=1008k
Native frames: (J=compiled Java code, j=interpreted, Vv=VM code, C=native code)
V  [jvm.dll+0x4a5725]
V  [jvm.dll+0x471501]
V  [jvm.dll+0x47c8eb]
V  [jvm.dll+0x47f1f7]
V  [jvm.dll+0x461992]
V  [jvm.dll+0xa6bf2]
V  [jvm.dll+0xa753f]
V  [jvm.dll+0x24685f]
V  [jvm.dll+0x2a001a]
C  [msvcr100.dll+0x21d9f]
C  [msvcr100.dll+0x21e3b]
C  [KERNEL32.DLL+0x17bd4]
C  [ntdll.dll+0x6ce51]


Current CompileTask:
C2: 963576 6411 %     4       com.sun.tools.javac.file.ZipFileIndex$ZipDirectory::readEntry @ 215 (587 bytes)


---------------  P R O C E S S  ---------------

Java Threads: ( => current thread )
  0x000000001e03e000 JavaThread "Cache worker for Java compile cache (C:\Users\ingaw\Desktop\SuperFarmer2.0\.gradle\6.1\javaCompile)" [_thread_blocked, id=10432, stack(0x0000000021d40000,0x0000000021e40000)]
  0x000000001e041000 JavaThread "Cache worker for execution history cache (C:\Users\ingaw\Desktop\SuperFarmer2.0\.gradle\6.1\executionHistory)" [_thread_blocked, id=11272, stack(0x0000000021840000,0x0000000021940000)]
  0x000000001e040800 JavaThread "Execution worker for ':' Thread 7" [_thread_blocked, id=15384, stack(0x0000000021740000,0x0000000021840000)]
  0x000000001c3d4800 JavaThread "Execution worker for ':' Thread 6" [_thread_blocked, id=18788, stack(0x0000000021640000,0x0000000021740000)]
  0x000000001c3d3800 JavaThread "Execution worker for ':' Thread 5" [_thread_blocked, id=10752, stack(0x0000000021540000,0x0000000021640000)]
  0x000000001c3d3000 JavaThread "Execution worker for ':' Thread 4" [_thread_blocked, id=2392, stack(0x0000000021440000,0x0000000021540000)]
  0x000000001c3d6800 JavaThread "Execution worker for ':' Thread 3" [_thread_blocked, id=19380, stack(0x0000000021340000,0x0000000021440000)]
  0x000000001c3d5000 JavaThread "Execution worker for ':' Thread 2" [_thread_blocked, id=18776, stack(0x0000000021040000,0x0000000021140000)]
  0x000000001c3d2000 JavaThread "Execution worker for ':'" [_thread_in_Java, id=8276, stack(0x000000001ef80000,0x000000001f080000)]
  0x000000001c3d6000 JavaThread "Cache worker for file content cache (C:\Users\ingaw\Desktop\SuperFarmer2.0\.gradle\6.1\fileContent)" [_thread_blocked, id=15492, stack(0x000000001db50000,0x000000001dc50000)]
  0x000000001c3d7800 JavaThread "Cache worker for Build Output Cleanup Cache (C:\Users\ingaw\Desktop\SuperFarmer2.0\.gradle\buildOutputCleanup)" [_thread_blocked, id=17908, stack(0x000000001da50000,0x000000001db50000)]
  0x000000001c3ca800 JavaThread "Cache worker for cache directory md-rule (C:\Users\ingaw\.gradle\caches\6.1\md-rule)" [_thread_blocked, id=18244, stack(0x000000001d750000,0x000000001d850000)]
  0x000000001c3d1800 JavaThread "Cache worker for cache directory md-supplier (C:\Users\ingaw\.gradle\caches\6.1\md-supplier)" [_thread_blocked, id=12776, stack(0x000000001c620000,0x000000001c720000)]
  0x000000001c3d0800 JavaThread "Cache worker for file hash cache (C:\Users\ingaw\Desktop\SuperFarmer2.0\.gradle\6.1\fileHashes)" [_thread_blocked, id=1312, stack(0x000000001ae50000,0x000000001af50000)]
  0x000000001c3cc000 JavaThread "Cache worker for checksums cache (C:\Users\ingaw\Desktop\SuperFarmer2.0\.gradle\checksums)" [_thread_blocked, id=12624, stack(0x000000001ad50000,0x000000001ae50000)]
  0x000000001c3ca000 JavaThread "Thread-136" [_thread_blocked, id=376, stack(0x000000001ac50000,0x000000001ad50000)]
  0x000000001c3c9000 JavaThread "Stdin handler" [_thread_blocked, id=17084, stack(0x000000001ab50000,0x000000001ac50000)]
  0x000000001c3cf000 JavaThread "Asynchronous log dispatcher for DefaultDaemonConnection: socket connection from /127.0.0.1:54785 to /127.0.0.1:54985" [_thread_blocked, id=6548, stack(0x000000001aa50000,0x000000001ab50000)]
  0x000000001c3cd000 JavaThread "Daemon worker Thread 4" [_thread_blocked, id=12108, stack(0x000000001a750000,0x000000001a850000)]
  0x000000001c3cd800 JavaThread "Cancel handler" [_thread_blocked, id=15508, stack(0x000000001a650000,0x000000001a750000)]
  0x000000001c3d0000 JavaThread "Handler for socket connection from /127.0.0.1:54785 to /127.0.0.1:54985" [_thread_in_native, id=1392, stack(0x00000000013e0000,0x00000000014e0000)]
  0x000000001c3cb800 JavaThread "Daemon Thread 4" [_thread_blocked, id=19184, stack(0x00000000011e0000,0x00000000012e0000)]
  0x000000001680e000 JavaThread "Cache worker for Java compile cache (C:\Users\ingaw\.gradle\caches\6.1\javaCompile)" [_thread_blocked, id=12448, stack(0x0000000021c40000,0x0000000021d40000)]
  0x000000001e03d800 JavaThread "Cache worker for file content cache (C:\Users\ingaw\.gradle\caches\6.1\fileContent)" [_thread_blocked, id=12124, stack(0x000000001f7d0000,0x000000001f8d0000)]
  0x000000001759e000 JavaThread "Memory manager" [_thread_blocked, id=11284, stack(0x000000001f080000,0x000000001f180000)]
  0x000000001759b000 JavaThread "Cache worker for execution history cache (C:\Users\ingaw\.gradle\caches\6.1\executionHistory)" [_thread_blocked, id=17776, stack(0x000000001ec80000,0x000000001ed80000)]
  0x000000001680c800 JavaThread "Cache worker for file hash cache (C:\Users\ingaw\.gradle\caches\6.1\fileHashes)" [_thread_blocked, id=4636, stack(0x000000001b350000,0x000000001b450000)]
  0x0000000016808800 JavaThread "File lock request listener" [_thread_in_native, id=16652, stack(0x000000001b250000,0x000000001b350000)]
  0x0000000016808000 JavaThread "Cache worker for journal cache (C:\Users\ingaw\.gradle\caches\journal-1)" [_thread_blocked, id=4020, stack(0x000000001b150000,0x000000001b250000)]
  0x000000001913c000 JavaThread "Daemon periodic checks" [_thread_blocked, id=17836, stack(0x000000001a550000,0x000000001a650000)]
  0x000000001914a800 JavaThread "Incoming local TCP Connector on port 54785" [_thread_in_native, id=96, stack(0x000000001a2f0000,0x000000001a3f0000)]
  0x0000000019039800 JavaThread "Daemon health stats" [_thread_blocked, id=7284, stack(0x0000000019c90000,0x0000000019d90000)]
  0x00000000166a3000 JavaThread "Service Thread" daemon [_thread_blocked, id=8696, stack(0x00000000172f0000,0x00000000173f0000)]
  0x0000000016624000 JavaThread "C1 CompilerThread3" daemon [_thread_in_vm, id=18176, stack(0x00000000171f0000,0x00000000172f0000)]
=>0x0000000016619800 JavaThread "C2 CompilerThread2" daemon [_thread_in_native, id=10632, stack(0x00000000170f0000,0x00000000171f0000)]
  0x0000000016618800 JavaThread "C2 CompilerThread1" daemon [_thread_in_native, id=2004, stack(0x0000000016ff0000,0x00000000170f0000)]
  0x0000000016611800 JavaThread "C2 CompilerThread0" daemon [_thread_in_native, id=8704, stack(0x0000000016ef0000,0x0000000016ff0000)]
  0x000000001660f000 JavaThread "Attach Listener" daemon [_thread_blocked, id=8140, stack(0x0000000016df0000,0x0000000016ef0000)]
  0x000000001482e000 JavaThread "Signal Dispatcher" daemon [_thread_blocked, id=13668, stack(0x0000000016cf0000,0x0000000016df0000)]
  0x0000000003058000 JavaThread "Finalizer" daemon [_thread_blocked, id=6240, stack(0x0000000016ae0000,0x0000000016be0000)]
  0x0000000016600800 JavaThread "Reference Handler" daemon [_thread_blocked, id=11892, stack(0x00000000169e0000,0x0000000016ae0000)]
  0x0000000002f4d800 JavaThread "main" [_thread_blocked, id=17960, stack(0x0000000002d60000,0x0000000002e60000)]

Other Threads:
  0x000000001481a000 VMThread [stack: 0x00000000164e0000,0x00000000165e0000] [id=9540]
  0x00000000166c5000 WatcherThread [stack: 0x00000000173f0000,0x00000000174f0000] [id=2204]

VM state:not at safepoint (normal execution)

VM Mutex/Monitor currently owned by a thread: None

heap address: 0x00000000e0000000, size: 512 MB, Compressed Oops mode: 32-bit
Narrow klass base: 0x0000000000000000, Narrow klass shift: 3
Compressed class space size: 1073741824 Address: 0x0000000100000000

Heap:
 PSYoungGen      total 161792K, used 152100K [0x00000000f5580000, 0x0000000100000000, 0x0000000100000000)
  eden space 148992K, 95% used [0x00000000f5580000,0x00000000fe0e4550,0x00000000fe700000)
  from space 12800K, 73% used [0x00000000ff380000,0x00000000ffca4b10,0x0000000100000000)
  to   space 12800K, 0% used [0x00000000fe700000,0x00000000fe700000,0x00000000ff380000)
 ParOldGen       total 175104K, used 16277K [0x00000000e0000000, 0x00000000eab00000, 0x00000000f5580000)
  object space 175104K, 9% used [0x00000000e0000000,0x00000000e0fe56c8,0x00000000eab00000)
 Metaspace       used 47510K, capacity 49340K, committed 49536K, reserved 1091584K
  class space    used 6607K, capacity 6988K, committed 7040K, reserved 1048576K

Card table byte_map: [0x0000000012420000,0x0000000012530000] byte_map_base: 0x0000000011d20000

Marking Bits: (ParMarkBitMap*) 0x0000000063eaaf90
 Begin Bits: [0x0000000012d30000, 0x0000000013530000)
 End Bits:   [0x0000000013530000, 0x0000000013d30000)

Polling page: 0x0000000001000000

CodeCache: size=245760Kb used=20279Kb max_used=20279Kb free=225481Kb
 bounds [0x0000000003060000, 0x0000000004450000, 0x0000000012060000]
 total_blobs=6551 nmethods=5810 adapters=652
 compilation: enabled

Compilation events (10 events):
Event: 963.543 Thread 0x0000000016624000 nmethod 6589 0x000000000440f2d0 code [0x000000000440f480, 0x000000000440fba8]
Event: 963.543 Thread 0x0000000016624000 6598       3       com.sun.tools.javac.comp.TransTypes::visitApply (216 bytes)
Event: 963.544 Thread 0x0000000016618800 nmethod 6570 0x0000000004412f90 code [0x0000000004413160, 0x0000000004413648]
Event: 963.544 Thread 0x0000000016618800 6596       4       com.sun.tools.javac.code.Types::eraseNotNeeded (30 bytes)
Event: 963.545 Thread 0x0000000016618800 nmethod 6596 0x000000000440ffd0 code [0x0000000004410120, 0x00000000044101d8]
Event: 963.545 Thread 0x0000000016618800 6584       4       com.sun.tools.javac.tree.TreeScanner::visitExec (9 bytes)
Event: 963.545 Thread 0x0000000016618800 nmethod 6584 0x0000000004413d10 code [0x0000000004413e60, 0x0000000004413ef8]
Event: 963.545 Thread 0x0000000016618800 6600       4       com.sun.tools.javac.code.Types$15::visitClassType (10 bytes)
Event: 963.546 Thread 0x0000000016624000 nmethod 6598 0x0000000004413fd0 code [0x0000000004414400, 0x0000000004416f68]
Event: 963.546 Thread 0x0000000016624000 6602       3       com.sun.tools.javac.code.Types$ImplementationCache::implementationInternal (143 bytes)

GC Heap History (10 events):
Event: 4.387 GC heap before
{Heap before GC invocations=6 (full 1):
 PSYoungGen      total 76288K, used 65536K [0x00000000f5580000, 0x00000000fea80000, 0x0000000100000000)
  eden space 65536K, 100% used [0x00000000f5580000,0x00000000f9580000,0x00000000f9580000)
  from space 10752K, 0% used [0x00000000fa000000,0x00000000fa000000,0x00000000faa80000)
  to   space 10752K, 0% used [0x00000000f9580000,0x00000000f9580000,0x00000000fa000000)
 ParOldGen       total 175104K, used 6709K [0x00000000e0000000, 0x00000000eab00000, 0x00000000f5580000)
  object space 175104K, 3% used [0x00000000e0000000,0x00000000e068d5d0,0x00000000eab00000)
 Metaspace       used 28991K, capacity 29562K, committed 29824K, reserved 1075200K
  class space    used 3980K, capacity 4169K, committed 4224K, reserved 1048576K
Event: 4.396 GC heap after
Heap after GC invocations=6 (full 1):
 PSYoungGen      total 76288K, used 8511K [0x00000000f5580000, 0x00000000fe100000, 0x0000000100000000)
  eden space 65536K, 0% used [0x00000000f5580000,0x00000000f5580000,0x00000000f9580000)
  from space 10752K, 79% used [0x00000000f9580000,0x00000000f9dcfc20,0x00000000fa000000)
  to   space 12288K, 0% used [0x00000000fd500000,0x00000000fd500000,0x00000000fe100000)
 ParOldGen       total 175104K, used 6717K [0x00000000e0000000, 0x00000000eab00000, 0x00000000f5580000)
  object space 175104K, 3% used [0x00000000e0000000,0x00000000e068f5d0,0x00000000eab00000)
 Metaspace       used 28991K, capacity 29562K, committed 29824K, reserved 1075200K
  class space    used 3980K, capacity 4169K, committed 4224K, reserved 1048576K
}
Event: 5.213 GC heap before
{Heap before GC invocations=7 (full 1):
 PSYoungGen      total 76288K, used 74047K [0x00000000f5580000, 0x00000000fe100000, 0x0000000100000000)
  eden space 65536K, 100% used [0x00000000f5580000,0x00000000f9580000,0x00000000f9580000)
  from space 10752K, 79% used [0x00000000f9580000,0x00000000f9dcfc20,0x00000000fa000000)
  to   space 12288K, 0% used [0x00000000fd500000,0x00000000fd500000,0x00000000fe100000)
 ParOldGen       total 175104K, used 6717K [0x00000000e0000000, 0x00000000eab00000, 0x00000000f5580000)
  object space 175104K, 3% used [0x00000000e0000000,0x00000000e068f5d0,0x00000000eab00000)
 Metaspace       used 32797K, capacity 33570K, committed 33792K, reserved 1079296K
  class space    used 4605K, capacity 4817K, committed 4864K, reserved 1048576K
Event: 5.229 GC heap after
Heap after GC invocations=7 (full 1):
 PSYoungGen      total 128512K, used 9993K [0x00000000f5580000, 0x00000000fe080000, 0x0000000100000000)
  eden space 116736K, 0% used [0x00000000f5580000,0x00000000f5580000,0x00000000fc780000)
  from space 11776K, 84% used [0x00000000fd500000,0x00000000fdec2560,0x00000000fe080000)
  to   space 12800K, 0% used [0x00000000fc780000,0x00000000fc780000,0x00000000fd400000)
 ParOldGen       total 175104K, used 6725K [0x00000000e0000000, 0x00000000eab00000, 0x00000000f5580000)
  object space 175104K, 3% used [0x00000000e0000000,0x00000000e06915d0,0x00000000eab00000)
 Metaspace       used 32797K, capacity 33570K, committed 33792K, reserved 1079296K
  class space    used 4605K, capacity 4817K, committed 4864K, reserved 1048576K
}
Event: 5.728 GC heap before
{Heap before GC invocations=8 (full 1):
 PSYoungGen      total 128512K, used 52497K [0x00000000f5580000, 0x00000000fe080000, 0x0000000100000000)
  eden space 116736K, 36% used [0x00000000f5580000,0x00000000f7f02138,0x00000000fc780000)
  from space 11776K, 84% used [0x00000000fd500000,0x00000000fdec2560,0x00000000fe080000)
  to   space 12800K, 0% used [0x00000000fc780000,0x00000000fc780000,0x00000000fd400000)
 ParOldGen       total 175104K, used 6725K [0x00000000e0000000, 0x00000000eab00000, 0x00000000f5580000)
  object space 175104K, 3% used [0x00000000e0000000,0x00000000e06915d0,0x00000000eab00000)
 Metaspace       used 34474K, capacity 35340K, committed 35456K, reserved 1079296K
  class space    used 4904K, capacity 5156K, committed 5248K, reserved 1048576K
Event: 5.744 GC heap after
Heap after GC invocations=8 (full 1):
 PSYoungGen      total 129536K, used 9976K [0x00000000f5580000, 0x0000000100000000, 0x0000000100000000)
  eden space 116736K, 0% used [0x00000000f5580000,0x00000000f5580000,0x00000000fc780000)
  from space 12800K, 77% used [0x00000000fc780000,0x00000000fd13e110,0x00000000fd400000)
  to   space 12800K, 0% used [0x00000000ff380000,0x00000000ff380000,0x0000000100000000)
 ParOldGen       total 175104K, used 6733K [0x00000000e0000000, 0x00000000eab00000, 0x00000000f5580000)
  object space 175104K, 3% used [0x00000000e0000000,0x00000000e06935d0,0x00000000eab00000)
 Metaspace       used 34474K, capacity 35340K, committed 35456K, reserved 1079296K
  class space    used 4904K, capacity 5156K, committed 5248K, reserved 1048576K
}
Event: 5.744 GC heap before
{Heap before GC invocations=9 (full 2):
 PSYoungGen      total 129536K, used 9976K [0x00000000f5580000, 0x0000000100000000, 0x0000000100000000)
  eden space 116736K, 0% used [0x00000000f5580000,0x00000000f5580000,0x00000000fc780000)
  from space 12800K, 77% used [0x00000000fc780000,0x00000000fd13e110,0x00000000fd400000)
  to   space 12800K, 0% used [0x00000000ff380000,0x00000000ff380000,0x0000000100000000)
 ParOldGen       total 175104K, used 6733K [0x00000000e0000000, 0x00000000eab00000, 0x00000000f5580000)
  object space 175104K, 3% used [0x00000000e0000000,0x00000000e06935d0,0x00000000eab00000)
 Metaspace       used 34474K, capacity 35340K, committed 35456K, reserved 1079296K
  class space    used 4904K, capacity 5156K, committed 5248K, reserved 1048576K
Event: 5.869 GC heap after
Heap after GC invocations=9 (full 2):
 PSYoungGen      total 129536K, used 0K [0x00000000f5580000, 0x0000000100000000, 0x0000000100000000)
  eden space 116736K, 0% used [0x00000000f5580000,0x00000000f5580000,0x00000000fc780000)
  from space 12800K, 0% used [0x00000000fc780000,0x00000000fc780000,0x00000000fd400000)
  to   space 12800K, 0% used [0x00000000ff380000,0x00000000ff380000,0x0000000100000000)
 ParOldGen       total 175104K, used 16269K [0x00000000e0000000, 0x00000000eab00000, 0x00000000f5580000)
  object space 175104K, 9% used [0x00000000e0000000,0x00000000e0fe36c8,0x00000000eab00000)
 Metaspace       used 34474K, capacity 35340K, committed 35456K, reserved 1079296K
  class space    used 4904K, capacity 5156K, committed 5248K, reserved 1048576K
}
Event: 551.283 GC heap before
{Heap before GC invocations=10 (full 2):
 PSYoungGen      total 129536K, used 116736K [0x00000000f5580000, 0x0000000100000000, 0x0000000100000000)
  eden space 116736K, 100% used [0x00000000f5580000,0x00000000fc780000,0x00000000fc780000)
  from space 12800K, 0% used [0x00000000fc780000,0x00000000fc780000,0x00000000fd400000)
  to   space 12800K, 0% used [0x00000000ff380000,0x00000000ff380000,0x0000000100000000)
 ParOldGen       total 175104K, used 16269K [0x00000000e0000000, 0x00000000eab00000, 0x00000000f5580000)
  object space 175104K, 9% used [0x00000000e0000000,0x00000000e0fe36c8,0x00000000eab00000)
 Metaspace       used 40363K, capacity 41862K, committed 41984K, reserved 1085440K
  class space    used 5804K, capacity 6123K, committed 6144K, reserved 1048576K
Event: 551.315 GC heap after
Heap after GC invocations=10 (full 2):
 PSYoungGen      total 161792K, used 9362K [0x00000000f5580000, 0x0000000100000000, 0x0000000100000000)
  eden space 148992K, 0% used [0x00000000f5580000,0x00000000f5580000,0x00000000fe700000)
  from space 12800K, 73% used [0x00000000ff380000,0x00000000ffca4b10,0x0000000100000000)
  to   space 12800K, 0% used [0x00000000fe700000,0x00000000fe700000,0x00000000ff380000)
 ParOldGen       total 175104K, used 16277K [0x00000000e0000000, 0x00000000eab00000, 0x00000000f5580000)
  object space 175104K, 9% used [0x00000000e0000000,0x00000000e0fe56c8,0x00000000eab00000)
 Metaspace       used 40363K, capacity 41862K, committed 41984K, reserved 1085440K
  class space    used 5804K, capacity 6123K, committed 6144K, reserved 1048576K
}

Deoptimization events (10 events):
Event: 602.116 Thread 0x000000001913c000 Uncommon trap: reason=unstable_if action=reinterpret pc=0x0000000003759f48 method=java.io.DataInputStream.readUTF(Ljava/io/DataInput;)Ljava/lang/String; @ 31
Event: 821.316 Thread 0x000000001c3c9000 Uncommon trap: reason=predicate action=maybe_recompile pc=0x000000000433b13c method=java.util.AbstractCollection.toArray([Ljava/lang/Object;)[Ljava/lang/Object; @ 49
Event: 963.250 Thread 0x000000001e03e000 Uncommon trap: reason=bimorphic action=maybe_recompile pc=0x00000000042e6e80 method=java.io.BufferedInputStream.read([BII)I @ 101
Event: 963.273 Thread 0x000000001c3d2000 Uncommon trap: reason=array_check action=maybe_recompile pc=0x0000000003302530 method=java.util.AbstractCollection.toArray([Ljava/lang/Object;)[Ljava/lang/Object; @ 119
Event: 963.273 Thread 0x000000001c3d2000 Uncommon trap: reason=array_check action=maybe_recompile pc=0x0000000003302530 method=java.util.AbstractCollection.toArray([Ljava/lang/Object;)[Ljava/lang/Object; @ 119
Event: 963.273 Thread 0x000000001c3d2000 Uncommon trap: reason=array_check action=maybe_recompile pc=0x0000000003302530 method=java.util.AbstractCollection.toArray([Ljava/lang/Object;)[Ljava/lang/Object; @ 119
Event: 963.274 Thread 0x000000001c3d2000 Uncommon trap: reason=array_check action=maybe_recompile pc=0x0000000003302530 method=java.util.AbstractCollection.toArray([Ljava/lang/Object;)[Ljava/lang/Object; @ 119
Event: 963.318 Thread 0x000000001c3d2000 Uncommon trap: reason=speculate_class_check action=maybe_recompile pc=0x0000000003e0344c method=com.sun.tools.javac.code.Scope.enter(Lcom/sun/tools/javac/code/Symbol;Lcom/sun/tools/javac/code/Scope;)V @ 5
Event: 963.394 Thread 0x000000001c3d2000 Uncommon trap: reason=unstable_if action=reinterpret pc=0x0000000003fce860 method=com.sun.tools.javac.code.Types$18.visitClassType(Lcom/sun/tools/javac/code/Type$ClassType;Ljava/lang/Void;)Lcom/sun/tools/javac/code/Type; @ 43
Event: 963.394 Thread 0x000000001c3d2000 Uncommon trap: reason=unstable_if action=reinterpret pc=0x00000000040c0b98 method=com.sun.tools.javac.code.Types$19.visitClassType(Lcom/sun/tools/javac/code/Type$ClassType;Ljava/lang/Void;)Lcom/sun/tools/javac/util/List; @ 22

Classes redefined (0 events):
No events

Internal exceptions (10 events):
Event: 6.663 Thread 0x000000001e03c800 Exception <a 'java/lang/ClassNotFoundException': org/gradle/api/DefaultTask_DecoratedBeanInfo> (0x00000000f947c228) thrown at [C:\jenkins\workspace\8-2-build-windows-amd64-cygwin\jdk8u251\737\hotspot\src\share\vm\classfile\systemDictionary.cpp, line 210]
Event: 6.664 Thread 0x000000001e03c800 Exception <a 'java/lang/ClassNotFoundException': org/gradle/api/DefaultTask_DecoratedCustomizer> (0x00000000f9491230) thrown at [C:\jenkins\workspace\8-2-build-windows-amd64-cygwin\jdk8u251\737\hotspot\src\share\vm\classfile\systemDictionary.cpp, line 210
Event: 12.121 Thread 0x000000001680b800 Exception <a 'java/lang/NoSuchMethodError': <clinit>> (0x00000000f5601ae8) thrown at [C:\jenkins\workspace\8-2-build-windows-amd64-cygwin\jdk8u251\737\hotspot\src\share\vm\prims\jni.cpp, line 1614]
Event: 551.425 Thread 0x000000001759a000 Implicit null exception at 0x0000000003b3ffa7 to 0x0000000003b4006b
Event: 552.253 Thread 0x000000001e047000 Exception <a 'java/io/FileNotFoundException'> (0x00000000f6fa2530) thrown at [C:\jenkins\workspace\8-2-build-windows-amd64-cygwin\jdk8u251\737\hotspot\src\share\vm\prims\jni.cpp, line 710]
Event: 552.257 Thread 0x000000001e047000 Exception <a 'java/io/FileNotFoundException'> (0x00000000f6fd74f8) thrown at [C:\jenkins\workspace\8-2-build-windows-amd64-cygwin\jdk8u251\737\hotspot\src\share\vm\prims\jni.cpp, line 710]
Event: 553.080 Thread 0x000000001e03c800 Exception <a 'java/lang/NoSuchMethodError': <clinit>> (0x00000000f5603548) thrown at [C:\jenkins\workspace\8-2-build-windows-amd64-cygwin\jdk8u251\737\hotspot\src\share\vm\prims\jni.cpp, line 1614]
Event: 963.228 Thread 0x000000001c3d2000 Exception <a 'java/lang/NoSuchMethodError': java.lang.Object.lambda$comparingByKey$bbdbfea9$1(Ljava/util/Map$Entry;Ljava/util/Map$Entry;)I> (0x00000000fb9a68c0) thrown at [C:\jenkins\workspace\8-2-build-windows-amd64-cygwin\jdk8u251\737\hotspot\src\share\
Event: 963.303 Thread 0x000000001c3d2000 Exception <a 'java/io/FileNotFoundException'> (0x00000000fc51da38) thrown at [C:\jenkins\workspace\8-2-build-windows-amd64-cygwin\jdk8u251\737\hotspot\src\share\vm\prims\jni.cpp, line 710]
Event: 963.304 Thread 0x000000001c3d2000 Exception <a 'java/io/FileNotFoundException'> (0x00000000fc54fb98) thrown at [C:\jenkins\workspace\8-2-build-windows-amd64-cygwin\jdk8u251\737\hotspot\src\share\vm\prims\jni.cpp, line 710]

Events (10 events):
Event: 963.394 Thread 0x000000001c3d2000 Uncommon trap: trap_request=0xffffff65 fr.pc=0x0000000003fce860
Event: 963.394 Thread 0x000000001c3d2000 DEOPT PACKING pc=0x0000000003fce860 sp=0x000000001f07a6a0
Event: 963.394 Thread 0x000000001c3d2000 DEOPT UNPACKING pc=0x00000000030a583b sp=0x000000001f07a668 mode 2
Event: 963.394 Thread 0x000000001c3d2000 Uncommon trap: trap_request=0xffffff65 fr.pc=0x00000000040c0b98
Event: 963.394 Thread 0x000000001c3d2000 DEOPT PACKING pc=0x00000000040c0b98 sp=0x000000001f07a560
Event: 963.394 Thread 0x000000001c3d2000 DEOPT UNPACKING pc=0x00000000030a583b sp=0x000000001f07a4a0 mode 2
Event: 963.527 Executing VM operation: ForceSafepoint
Event: 963.527 Executing VM operation: ForceSafepoint done
Event: 963.537 loading class com/sun/tools/javac/code/Types$Rewriter
Event: 963.537 loading class com/sun/tools/javac/code/Types$Rewriter done


Dynamic libraries:
0x00007ff7b8840000 - 0x00007ff7b8877000 	C:\Program Files\Java\jdk1.8.0_251\bin\java.exe
0x00007fff2b080000 - 0x00007fff2b270000 	C:\Windows\SYSTEM32\ntdll.dll
0x00007fff29280000 - 0x00007fff29332000 	C:\Windows\System32\KERNEL32.DLL
0x00007fff283b0000 - 0x00007fff28654000 	C:\Windows\System32\KERNELBASE.dll
0x00007fff2a6a0000 - 0x00007fff2a743000 	C:\Windows\System32\ADVAPI32.dll
0x00007fff2afa0000 - 0x00007fff2b03e000 	C:\Windows\System32\msvcrt.dll
0x00007fff299c0000 - 0x00007fff29a57000 	C:\Windows\System32\sechost.dll
0x00007fff2a310000 - 0x00007fff2a430000 	C:\Windows\System32\RPCRT4.dll
0x00007fff29820000 - 0x00007fff299b4000 	C:\Windows\System32\USER32.dll
0x00007fff28020000 - 0x00007fff28041000 	C:\Windows\System32\win32u.dll
0x00007fff2ad10000 - 0x00007fff2ad36000 	C:\Windows\System32\GDI32.dll
0x00007fff28f90000 - 0x00007fff29126000 	C:\Windows\System32\gdi32full.dll
0x00007fff28710000 - 0x00007fff287ae000 	C:\Windows\System32\msvcp_win.dll
0x00007fff282b0000 - 0x00007fff283aa000 	C:\Windows\System32\ucrtbase.dll
0x00007fff09f90000 - 0x00007fff0a214000 	C:\Windows\WinSxS\amd64_microsoft.windows.common-controls_6595b64144ccf1df_6.0.18362.959_none_e6c7bbbf130c62bb\COMCTL32.dll
0x00007fff29340000 - 0x00007fff29675000 	C:\Windows\System32\combase.dll
0x00007fff280b0000 - 0x00007fff28130000 	C:\Windows\System32\bcryptPrimitives.dll
0x00007fff297e0000 - 0x00007fff2980e000 	C:\Windows\System32\IMM32.DLL
0x0000000064060000 - 0x0000000064132000 	C:\Program Files\Java\jdk1.8.0_251\jre\bin\msvcr100.dll
0x0000000063680000 - 0x0000000063f2b000 	C:\Program Files\Java\jdk1.8.0_251\jre\bin\server\jvm.dll
0x00007fff29810000 - 0x00007fff29818000 	C:\Windows\System32\PSAPI.DLL
0x00007fff1d2b0000 - 0x00007fff1d2b9000 	C:\Windows\SYSTEM32\WSOCK32.dll
0x00007fff25c60000 - 0x00007fff25c84000 	C:\Windows\SYSTEM32\WINMM.dll
0x00007fff2a7b0000 - 0x00007fff2a81f000 	C:\Windows\System32\WS2_32.dll
0x00007fff20a30000 - 0x00007fff20a3a000 	C:\Windows\SYSTEM32\VERSION.dll
0x00007fff25ad0000 - 0x00007fff25afd000 	C:\Windows\SYSTEM32\WINMMBASE.dll
0x00007fff287b0000 - 0x00007fff287fa000 	C:\Windows\System32\cfgmgr32.dll
0x00007fff242c0000 - 0x00007fff242cf000 	C:\Program Files\Java\jdk1.8.0_251\jre\bin\verify.dll
0x00007fff11850000 - 0x00007fff11879000 	C:\Program Files\Java\jdk1.8.0_251\jre\bin\java.dll
0x00007fff11830000 - 0x00007fff11846000 	C:\Program Files\Java\jdk1.8.0_251\jre\bin\zip.dll
0x00007fff29a60000 - 0x00007fff2a146000 	C:\Windows\System32\SHELL32.dll
0x00007fff2ad40000 - 0x00007fff2ade9000 	C:\Windows\System32\shcore.dll
0x00007fff28800000 - 0x00007fff28f82000 	C:\Windows\System32\windows.storage.dll
0x00007fff27fb0000 - 0x00007fff27fd3000 	C:\Windows\System32\profapi.dll
0x00007fff27f60000 - 0x00007fff27faa000 	C:\Windows\System32\powrprof.dll
0x00007fff27f30000 - 0x00007fff27f40000 	C:\Windows\System32\UMPDC.dll
0x00007fff2a4c0000 - 0x00007fff2a512000 	C:\Windows\System32\shlwapi.dll
0x00007fff27f40000 - 0x00007fff27f51000 	C:\Windows\System32\kernel.appcore.dll
0x00007fff28000000 - 0x00007fff28017000 	C:\Windows\System32\cryptsp.dll
0x00007fff056b0000 - 0x00007fff056ca000 	C:\Program Files\Java\jdk1.8.0_251\jre\bin\net.dll
0x00007fff27740000 - 0x00007fff277a7000 	C:\Windows\system32\mswsock.dll
0x00007fff03f80000 - 0x00007fff03f92000 	C:\Program Files\Java\jdk1.8.0_251\jre\bin\nio.dll
0x00007fff068b0000 - 0x00007fff068d6000 	C:\Users\ingaw\.gradle\native\31\windows-amd64\native-platform.dll
0x00007fff1d5e0000 - 0x00007fff1d5ed000 	C:\Program Files\Java\jdk1.8.0_251\jre\bin\management.dll
0x00007fff272b0000 - 0x00007fff272e3000 	C:\Windows\system32\rsaenh.dll
0x00007fff28130000 - 0x00007fff28156000 	C:\Windows\System32\bcrypt.dll
0x00007fff27e50000 - 0x00007fff27e75000 	C:\Windows\SYSTEM32\USERENV.dll
0x00007fff27910000 - 0x00007fff2791c000 	C:\Windows\SYSTEM32\CRYPTBASE.dll
0x00007fff27450000 - 0x00007fff2748a000 	C:\Windows\SYSTEM32\IPHLPAPI.DLL
0x00007fff2a290000 - 0x00007fff2a298000 	C:\Windows\System32\NSI.dll
0x00007fff1dc80000 - 0x00007fff1dc96000 	C:\Windows\SYSTEM32\dhcpcsvc6.DLL
0x00007fff1f2b0000 - 0x00007fff1f2cc000 	C:\Windows\SYSTEM32\dhcpcsvc.DLL
0x00007fff27490000 - 0x00007fff2755b000 	C:\Windows\SYSTEM32\DNSAPI.dll
0x00007fff26860000 - 0x00007fff26a54000 	C:\Windows\SYSTEM32\dbghelp.dll

VM Arguments:
jvm_args: -XX:MaxMetaspaceSize=256m -XX:+HeapDumpOnOutOfMemoryError -Xms256m -Xmx512m -Dfile.encoding=windows-1250 -Duser.country=PL -Duser.language=pl -Duser.variant 
java_command: org.gradle.launcher.daemon.bootstrap.GradleDaemon 6.1
java_class_path (initial): C:\Users\ingaw\.gradle\wrapper\dists\gradle-6.1-bin\74ow5f78ml5iin9568hvtcqz9\gradle-6.1\lib\gradle-launcher-6.1.jar
Launcher Type: SUN_STANDARD

Environment Variables:
JAVA_HOME=C:\Program Files\Java\jdk1.8.0_251
PATH=C:\Program Files\Java\jdk1.8.0_251\bin;C:\Program Files (x86)\Common Files\Oracle\Java\javapath;C:\Windows\system32;C:\Windows;C:\Windows\System32\Wbem;C:\Windows\System32\WindowsPowerShell\v1.0\;C:\Windows\System32\OpenSSH\;C:\Program Files\Git\cmd;C:\Program Files\Git\mingw64\bin;C:\Program Files\Git\usr\bin;C:\gradle-6.4.1\bin;C:\Users\ingaw\AppData\Local\Microsoft\WindowsApps;
USERNAME=ingaw
OS=Windows_NT
PROCESSOR_IDENTIFIER=Intel64 Family 6 Model 126 Stepping 5, GenuineIntel



---------------  S Y S T E M  ---------------

OS: Windows 10.0 , 64 bit Build 18362 (10.0.18362.959)

CPU:total 8 (initial active 8) (4 cores per cpu, 2 threads per core) family 6 model 126 stepping 5, cmov, cx8, fxsr, mmx, sse, sse2, sse3, ssse3, sse4.1, sse4.2, popcnt, avx, avx2, aes, clmul, erms, 3dnowpref, lzcnt, ht, tsc, tscinvbit, bmi1, bmi2, adx

Memory: 4k page, physical 8150496k(1381268k free), swap 11689440k(2895112k free)

vm_info: Java HotSpot(TM) 64-Bit Server VM (25.251-b08) for windows-amd64 JRE (1.8.0_251-b08), built on Mar 12 2020 06:31:49 by "" with MS VC++ 10.0 (VS2010)

time: Sat Aug 08 11:31:14 2020
timezone: Œrodkowoeuropejski czas letni
elapsed time: 963 seconds (0d 0h 16m 3s)

