#
# A fatal error has been detected by the Java Runtime Environment:
#
#  EXCEPTION_ACCESS_VIOLATION (0xc0000005) at pc=0x0000000063a66bc2, pid=9836, tid=0x00000000000030c4
#
# JRE version: Java(TM) SE Runtime Environment (8.0_251-b08) (build 1.8.0_251-b08)
# Java VM: Java HotSpot(TM) 64-Bit Server VM (25.251-b08 mixed mode windows-amd64 compressed oops)
# Problematic frame:
# V  [jvm.dll+0x4c6bc2]
#
# Failed to write core dump. Minidumps are not enabled by default on client versions of Windows
#
# If you would like to submit a bug report, please visit:
#   http://bugreport.java.com/bugreport/crash.jsp
#

---------------  T H R E A D  ---------------

Current thread (0x0000000013cb9800):  JavaThread "C2 CompilerThread0" daemon [_thread_in_native, id=12484, stack(0x00000000163b0000,0x00000000164b0000)]

siginfo: ExceptionCode=0xc0000005, reading address 0x0000000000005eb8

Registers:
RAX=0x0000000000000004, RBX=0x000000001dd74a48, RCX=0x00000000000017ae, RDX=0x000000001dd76868
RSP=0x00000000164ab8c0, RBP=0x0000000000000037, RSI=0x000000001dd76868, RDI=0x00000000164abea0
R8 =0x0000000000001642, R9 =0x000000001714e530, R10=0x00000000164abea0, R11=0x0000000017164d60
R12=0x000000001b59c7c0, R13=0x000000001ad9b2c0, R14=0x00000000164abea0, R15=0x000000001dd76868
RIP=0x0000000063a66bc2, EFLAGS=0x0000000000010283

Top of Stack: (sp=0x00000000164ab8c0)
0x00000000164ab8c0:   000000001ad9acd8 0000000000000100
0x00000000164ab8d0:   0000000000000000 0000000000000001
0x00000000164ab8e0:   000000001ad9b2c0 0000000063a6b116
0x00000000164ab8f0:   00000000164ab930 000000001ad9acd8
0x00000000164ab900:   000000001ad9b2d8 0000000000000000
0x00000000164ab910:   0000000015ad60f0 0000000000000200
0x00000000164ab920:   0000000017164d60 0000000000000134
0x00000000164ab930:   00000000164aba68 00000000164aba48
0x00000000164ab940:   0000000000000001 00000000164abea0
0x00000000164ab950:   000000001b59d0a0 0000000063a6b2d3
0x00000000164ab960:   000000001dd76970 000000001b59d0a0
0x00000000164ab970:   0000000000000225 000000001dd76868
0x00000000164ab980:   000000001b59d0a0 00000000164abab8
0x00000000164ab990:   00000000164abb10 0000000063a6cb89
0x00000000164ab9a0:   000000001dd76970 0000000000000225
0x00000000164ab9b0:   0000000000000001 000000001db888c0 

Instructions: (pc=0x0000000063a66bc2)
0x0000000063a66ba2:   48 8d 0d 17 14 1b 00 ba f5 02 00 00 e8 3d 1d db
0x0000000063a66bb2:   ff e8 f8 2d dd ff 8b 4b 28 48 8b 87 00 0a 00 00
0x0000000063a66bc2:   39 2c 88 72 51 48 3b de 74 48 44 8b 43 28 4c 8b
0x0000000063a66bd2:   8f f8 09 00 00 4b 8b 1c c1 48 8b 43 08 48 83 38 


Register to memory mapping:

RAX=0x0000000000000004 is an unknown value
RBX=0x000000001dd74a48 is an unknown value
RCX=0x00000000000017ae is an unknown value
RDX=0x000000001dd76868 is an unknown value
RSP=0x00000000164ab8c0 is pointing into the stack for thread: 0x0000000013cb9800
RBP=0x0000000000000037 is an unknown value
RSI=0x000000001dd76868 is an unknown value
RDI=0x00000000164abea0 is pointing into the stack for thread: 0x0000000013cb9800
R8 =0x0000000000001642 is an unknown value
R9 =0x000000001714e530 is an unknown value
R10=0x00000000164abea0 is pointing into the stack for thread: 0x0000000013cb9800
R11=0x0000000017164d60 is an unknown value
R12=0x000000001b59c7c0 is an unknown value
R13=0x000000001ad9b2c0 is an unknown value
R14=0x00000000164abea0 is pointing into the stack for thread: 0x0000000013cb9800
R15=0x000000001dd76868 is an unknown value


Stack: [0x00000000163b0000,0x00000000164b0000],  sp=0x00000000164ab8c0,  free space=1006k
Native frames: (J=compiled Java code, j=interpreted, Vv=VM code, C=native code)
V  [jvm.dll+0x4c6bc2]
V  [jvm.dll+0x4cb116]
V  [jvm.dll+0x4cb2d3]
V  [jvm.dll+0x4ccb89]
V  [jvm.dll+0x4ce933]
V  [jvm.dll+0x47dff9]
V  [jvm.dll+0x47f163]
V  [jvm.dll+0x461992]
V  [jvm.dll+0xa6bf2]
V  [jvm.dll+0xa753f]
V  [jvm.dll+0x24685f]
V  [jvm.dll+0x2a001a]
C  [msvcr100.dll+0x21d9f]
C  [msvcr100.dll+0x21e3b]
C  [KERNEL32.DLL+0x17bd4]
C  [ntdll.dll+0x6ce51]


Current CompileTask:
C2: 555541 6624       4       java.util.EnumSet::noneOf (63 bytes)


---------------  P R O C E S S  ---------------

Java Threads: ( => current thread )
  0x000000001ae02800 JavaThread "Cache worker for Java compile cache (C:\Users\ingaw\Desktop\SuperFarmer2.0\.gradle\6.1\javaCompile)" [_thread_blocked, id=15092, stack(0x0000000021f10000,0x0000000022010000)]
  0x000000001ae08000 JavaThread "Cache worker for execution history cache (C:\Users\ingaw\Desktop\SuperFarmer2.0\.gradle\6.1\executionHistory)" [_thread_blocked, id=3204, stack(0x0000000021e10000,0x0000000021f10000)]
  0x000000001ae07000 JavaThread "Execution worker for ':' Thread 7" [_thread_blocked, id=14200, stack(0x0000000021d10000,0x0000000021e10000)]
  0x000000001ae09800 JavaThread "Execution worker for ':' Thread 6" [_thread_blocked, id=16192, stack(0x0000000021c10000,0x0000000021d10000)]
  0x000000001ae06800 JavaThread "Execution worker for ':' Thread 5" [_thread_blocked, id=9888, stack(0x0000000021b10000,0x0000000021c10000)]
  0x000000001ae04000 JavaThread "Execution worker for ':' Thread 4" [_thread_blocked, id=15272, stack(0x00000000207d0000,0x00000000208d0000)]
  0x000000001adfb000 JavaThread "Execution worker for ':' Thread 3" [_thread_blocked, id=15780, stack(0x000000001ff60000,0x0000000020060000)]
  0x000000001adfe000 JavaThread "Execution worker for ':' Thread 2" [_thread_in_Java, id=9812, stack(0x000000001e2d0000,0x000000001e3d0000)]
  0x000000001ae01800 JavaThread "Execution worker for ':'" [_thread_blocked, id=11856, stack(0x000000001cd90000,0x000000001ce90000)]
  0x000000001ae01000 JavaThread "Cache worker for file content cache (C:\Users\ingaw\Desktop\SuperFarmer2.0\.gradle\6.1\fileContent)" [_thread_blocked, id=7532, stack(0x000000001cc90000,0x000000001cd90000)]
  0x000000001adfd000 JavaThread "Cache worker for Build Output Cleanup Cache (C:\Users\ingaw\Desktop\SuperFarmer2.0\.gradle\buildOutputCleanup)" [_thread_blocked, id=10356, stack(0x000000001cb90000,0x000000001cc90000)]
  0x000000001ae00000 JavaThread "Cache worker for cache directory md-rule (C:\Users\ingaw\.gradle\caches\6.1\md-rule)" [_thread_blocked, id=5612, stack(0x000000001ca90000,0x000000001cb90000)]
  0x000000001adfe800 JavaThread "Cache worker for cache directory md-supplier (C:\Users\ingaw\.gradle\caches\6.1\md-supplier)" [_thread_blocked, id=4660, stack(0x000000001a2f0000,0x000000001a3f0000)]
  0x0000000016f7b000 JavaThread "Cache worker for file hash cache (C:\Users\ingaw\Desktop\SuperFarmer2.0\.gradle\6.1\fileHashes)" [_thread_blocked, id=15400, stack(0x000000001a1f0000,0x000000001a2f0000)]
  0x0000000016f78000 JavaThread "Cache worker for checksums cache (C:\Users\ingaw\Desktop\SuperFarmer2.0\.gradle\checksums)" [_thread_blocked, id=11500, stack(0x000000001a0f0000,0x000000001a1f0000)]
  0x0000000016f77000 JavaThread "Thread-110" [_thread_blocked, id=15312, stack(0x0000000019ff0000,0x000000001a0f0000)]
  0x0000000016f7c800 JavaThread "Stdin handler" [_thread_blocked, id=15544, stack(0x0000000019ef0000,0x0000000019ff0000)]
  0x0000000016f75800 JavaThread "Asynchronous log dispatcher for DefaultDaemonConnection: socket connection from /127.0.0.1:50198 to /127.0.0.1:50294" [_thread_blocked, id=1844, stack(0x0000000019bf0000,0x0000000019cf0000)]
  0x0000000016f7b800 JavaThread "Cancel handler" [_thread_blocked, id=6680, stack(0x0000000000840000,0x0000000000940000)]
  0x0000000016f78800 JavaThread "Handler for socket connection from /127.0.0.1:50198 to /127.0.0.1:50294" [_thread_in_native, id=7872, stack(0x0000000000740000,0x0000000000840000)]
  0x000000001889e000 JavaThread "Exec process Thread 8" [_thread_blocked, id=4512, stack(0x0000000022b10000,0x0000000022c10000)]
  0x000000001ae03000 JavaThread "Exec process Thread 7" [_thread_blocked, id=13988, stack(0x0000000022a10000,0x0000000022b10000)]
  0x000000001ae08800 JavaThread "Exec process Thread 6" [_thread_blocked, id=6868, stack(0x0000000022910000,0x0000000022a10000)]
  0x000000001ae04800 JavaThread "Exec process Thread 5" [_thread_blocked, id=8284, stack(0x0000000022310000,0x0000000022410000)]
  0x0000000016f7a000 JavaThread "Daemon worker Thread 2" [_thread_blocked, id=15672, stack(0x0000000019af0000,0x0000000019bf0000)]
  0x0000000016f76800 JavaThread "Daemon Thread 2" [_thread_blocked, id=9460, stack(0x0000000000640000,0x0000000000740000)]
  0x000000001ae05800 JavaThread "Cache worker for Java compile cache (C:\Users\ingaw\.gradle\caches\6.1\javaCompile)" [_thread_blocked, id=2848, stack(0x00000000204f0000,0x00000000205f0000)]
  0x000000001adfb800 JavaThread "Cache worker for file content cache (C:\Users\ingaw\.gradle\caches\6.1\fileContent)" [_thread_blocked, id=15432, stack(0x000000001fc20000,0x000000001fd20000)]
  0x000000001adff800 JavaThread "Memory manager" [_thread_blocked, id=7676, stack(0x00000000206d0000,0x00000000207d0000)]
  0x0000000018897000 JavaThread "Cache worker for execution history cache (C:\Users\ingaw\.gradle\caches\6.1\executionHistory)" [_thread_blocked, id=5956, stack(0x000000001cf30000,0x000000001d030000)]
  0x000000001889c800 JavaThread "Cache worker for file hash cache (C:\Users\ingaw\.gradle\caches\6.1\fileHashes)" [_thread_blocked, id=8472, stack(0x000000001a7f0000,0x000000001a8f0000)]
  0x0000000018899800 JavaThread "File lock request listener" [_thread_in_native, id=1780, stack(0x000000001a6f0000,0x000000001a7f0000)]
  0x000000001889d000 JavaThread "Cache worker for journal cache (C:\Users\ingaw\.gradle\caches\journal-1)" [_thread_blocked, id=896, stack(0x000000001a5f0000,0x000000001a6f0000)]
  0x0000000018633800 JavaThread "Daemon periodic checks" [_thread_blocked, id=14672, stack(0x00000000199f0000,0x0000000019af0000)]
  0x0000000018631800 JavaThread "Incoming local TCP Connector on port 50198" [_thread_in_native, id=14512, stack(0x0000000019790000,0x0000000019890000)]
  0x000000001857a800 JavaThread "Daemon health stats" [_thread_blocked, id=2916, stack(0x0000000019150000,0x0000000019250000)]
  0x0000000015b69000 JavaThread "Service Thread" daemon [_thread_blocked, id=4724, stack(0x00000000167b0000,0x00000000168b0000)]
  0x0000000015adc000 JavaThread "C1 CompilerThread3" daemon [_thread_in_native, id=8280, stack(0x00000000166b0000,0x00000000167b0000)]
  0x0000000015ad9000 JavaThread "C2 CompilerThread2" daemon [_thread_in_native, id=144, stack(0x00000000165b0000,0x00000000166b0000)]
  0x0000000013cbc800 JavaThread "C2 CompilerThread1" daemon [_thread_in_native, id=6464, stack(0x00000000164b0000,0x00000000165b0000)]
=>0x0000000013cb9800 JavaThread "C2 CompilerThread0" daemon [_thread_in_native, id=12484, stack(0x00000000163b0000,0x00000000164b0000)]
  0x0000000015ad4800 JavaThread "Attach Listener" daemon [_thread_blocked, id=9204, stack(0x00000000162b0000,0x00000000163b0000)]
  0x0000000015ad3000 JavaThread "Signal Dispatcher" daemon [_thread_blocked, id=13576, stack(0x00000000161b0000,0x00000000162b0000)]
  0x000000000243c800 JavaThread "Finalizer" daemon [_thread_blocked, id=12868, stack(0x0000000015fa0000,0x00000000160a0000)]
  0x0000000015ac0800 JavaThread "Reference Handler" daemon [_thread_blocked, id=8024, stack(0x0000000015ea0000,0x0000000015fa0000)]
  0x000000000232d800 JavaThread "main" [_thread_blocked, id=15256, stack(0x00000000021f0000,0x00000000022f0000)]

Other Threads:
  0x0000000013caa000 VMThread [stack: 0x00000000159a0000,0x0000000015aa0000] [id=3396]
  0x0000000015b7b800 WatcherThread [stack: 0x00000000168b0000,0x00000000169b0000] [id=8392]

VM state:not at safepoint (normal execution)

VM Mutex/Monitor currently owned by a thread: None

heap address: 0x00000000e0000000, size: 512 MB, Compressed Oops mode: 32-bit
Narrow klass base: 0x0000000000000000, Narrow klass shift: 3
Compressed class space size: 1073741824 Address: 0x0000000100000000

Heap:
 PSYoungGen      total 147456K, used 70552K [0x00000000f5580000, 0x0000000100000000, 0x0000000100000000)
  eden space 130560K, 41% used [0x00000000f5580000,0x00000000f89ec060,0x00000000fd500000)
  from space 16896K, 99% used [0x00000000fef80000,0x00000000ffffa118,0x0000000100000000)
  to   space 22016K, 0% used [0x00000000fd500000,0x00000000fd500000,0x00000000fea80000)
 ParOldGen       total 175104K, used 23366K [0x00000000e0000000, 0x00000000eab00000, 0x00000000f5580000)
  object space 175104K, 13% used [0x00000000e0000000,0x00000000e16d1be8,0x00000000eab00000)
 Metaspace       used 47201K, capacity 48946K, committed 49280K, reserved 1091584K
  class space    used 6540K, capacity 6937K, committed 7040K, reserved 1048576K

Card table byte_map: [0x0000000011800000,0x0000000011910000] byte_map_base: 0x0000000011100000

Marking Bits: (ParMarkBitMap*) 0x0000000063dcaf90
 Begin Bits: [0x00000000121c0000, 0x00000000129c0000)
 End Bits:   [0x00000000129c0000, 0x00000000131c0000)

Polling page: 0x00000000001f0000

CodeCache: size=245760Kb used=20825Kb max_used=20838Kb free=224934Kb
 bounds [0x0000000002440000, 0x00000000038c0000, 0x0000000011440000]
 total_blobs=6506 nmethods=5765 adapters=652
 compilation: enabled

Compilation events (10 events):
Event: 555.505 Thread 0x0000000015adc000 nmethod 6664 0x000000000387d250 code [0x000000000387d3c0, 0x000000000387d610]
Event: 555.505 Thread 0x0000000015adc000 6657   !   3       com.sun.tools.javac.comp.LambdaToMethod$LambdaAnalyzerPreprocessor::visitVarDef (200 bytes)
Event: 555.507 Thread 0x0000000015adc000 nmethod 6657 0x000000000387d710 code [0x000000000387da40, 0x000000000387f5d8]
Event: 555.507 Thread 0x0000000015adc000 6666   !   3       com.sun.tools.javac.comp.LambdaToMethod::visitVarDef (236 bytes)
Event: 555.509 Thread 0x0000000015adc000 nmethod 6666 0x0000000003880590 code [0x0000000003880a00, 0x0000000003883588]
Event: 555.509 Thread 0x0000000015adc000 6662       1       com.sun.tools.javac.comp.LambdaToMethod$LambdaAnalyzerPreprocessor::access$3000 (5 bytes)
Event: 555.509 Thread 0x0000000015adc000 nmethod 6662 0x000000000385c150 code [0x000000000385c2a0, 0x000000000385c390]
Event: 555.509 Thread 0x0000000015adc000 6665       3       com.sun.tools.javac.tree.TreeMaker::VarDef (55 bytes)
Event: 555.510 Thread 0x0000000015adc000 nmethod 6665 0x000000000388a590 code [0x000000000388a7a0, 0x000000000388b388]
Event: 555.511 Thread 0x0000000015adc000 6667       3       com.sun.tools.javac.comp.Lower::accessConstructor (184 bytes)

GC Heap History (10 events):
Event: 3.206 GC heap before
{Heap before GC invocations=6 (full 1):
 PSYoungGen      total 141824K, used 131072K [0x00000000f5580000, 0x00000000fea80000, 0x0000000100000000)
  eden space 131072K, 100% used [0x00000000f5580000,0x00000000fd580000,0x00000000fd580000)
  from space 10752K, 0% used [0x00000000fe000000,0x00000000fe000000,0x00000000fea80000)
  to   space 10752K, 0% used [0x00000000fd580000,0x00000000fd580000,0x00000000fe000000)
 ParOldGen       total 175104K, used 6735K [0x00000000e0000000, 0x00000000eab00000, 0x00000000f5580000)
  object space 175104K, 3% used [0x00000000e0000000,0x00000000e0693ec0,0x00000000eab00000)
 Metaspace       used 32747K, capacity 33570K, committed 33792K, reserved 1079296K
  class space    used 4602K, capacity 4817K, committed 4864K, reserved 1048576K
Event: 3.219 GC heap after
Heap after GC invocations=6 (full 1):
 PSYoungGen      total 141824K, used 10747K [0x00000000f5580000, 0x0000000100000000, 0x0000000100000000)
  eden space 131072K, 0% used [0x00000000f5580000,0x00000000f5580000,0x00000000fd580000)
  from space 10752K, 99% used [0x00000000fd580000,0x00000000fdffed68,0x00000000fe000000)
  to   space 16384K, 0% used [0x00000000ff000000,0x00000000ff000000,0x0000000100000000)
 ParOldGen       total 175104K, used 10514K [0x00000000e0000000, 0x00000000eab00000, 0x00000000f5580000)
  object space 175104K, 6% used [0x00000000e0000000,0x00000000e0a44880,0x00000000eab00000)
 Metaspace       used 32747K, capacity 33570K, committed 33792K, reserved 1079296K
  class space    used 4602K, capacity 4817K, committed 4864K, reserved 1048576K
}
Event: 3.555 GC heap before
{Heap before GC invocations=7 (full 1):
 PSYoungGen      total 141824K, used 55307K [0x00000000f5580000, 0x0000000100000000, 0x0000000100000000)
  eden space 131072K, 33% used [0x00000000f5580000,0x00000000f8103f58,0x00000000fd580000)
  from space 10752K, 99% used [0x00000000fd580000,0x00000000fdffed68,0x00000000fe000000)
  to   space 16384K, 0% used [0x00000000ff000000,0x00000000ff000000,0x0000000100000000)
 ParOldGen       total 175104K, used 10514K [0x00000000e0000000, 0x00000000eab00000, 0x00000000f5580000)
  object space 175104K, 6% used [0x00000000e0000000,0x00000000e0a44880,0x00000000eab00000)
 Metaspace       used 34569K, capacity 35420K, committed 35496K, reserved 1079296K
  class space    used 4929K, capacity 5200K, committed 5248K, reserved 1048576K
Event: 3.565 GC heap after
Heap after GC invocations=7 (full 1):
 PSYoungGen      total 158720K, used 10090K [0x00000000f5580000, 0x0000000100000000, 0x0000000100000000)
  eden space 142336K, 0% used [0x00000000f5580000,0x00000000f5580000,0x00000000fe080000)
  from space 16384K, 61% used [0x00000000ff000000,0x00000000ff9da808,0x0000000100000000)
  to   space 15872K, 0% used [0x00000000fe080000,0x00000000fe080000,0x00000000ff000000)
 ParOldGen       total 175104K, used 10522K [0x00000000e0000000, 0x00000000eab00000, 0x00000000f5580000)
  object space 175104K, 6% used [0x00000000e0000000,0x00000000e0a46880,0x00000000eab00000)
 Metaspace       used 34569K, capacity 35420K, committed 35496K, reserved 1079296K
  class space    used 4929K, capacity 5200K, committed 5248K, reserved 1048576K
}
Event: 3.565 GC heap before
{Heap before GC invocations=8 (full 2):
 PSYoungGen      total 158720K, used 10090K [0x00000000f5580000, 0x0000000100000000, 0x0000000100000000)
  eden space 142336K, 0% used [0x00000000f5580000,0x00000000f5580000,0x00000000fe080000)
  from space 16384K, 61% used [0x00000000ff000000,0x00000000ff9da808,0x0000000100000000)
  to   space 15872K, 0% used [0x00000000fe080000,0x00000000fe080000,0x00000000ff000000)
 ParOldGen       total 175104K, used 10522K [0x00000000e0000000, 0x00000000eab00000, 0x00000000f5580000)
  object space 175104K, 6% used [0x00000000e0000000,0x00000000e0a46880,0x00000000eab00000)
 Metaspace       used 34569K, capacity 35420K, committed 35496K, reserved 1079296K
  class space    used 4929K, capacity 5200K, committed 5248K, reserved 1048576K
Event: 3.606 GC heap after
Heap after GC invocations=8 (full 2):
 PSYoungGen      total 158720K, used 0K [0x00000000f5580000, 0x0000000100000000, 0x0000000100000000)
  eden space 142336K, 0% used [0x00000000f5580000,0x00000000f5580000,0x00000000fe080000)
  from space 16384K, 0% used [0x00000000ff000000,0x00000000ff000000,0x0000000100000000)
  to   space 15872K, 0% used [0x00000000fe080000,0x00000000fe080000,0x00000000ff000000)
 ParOldGen       total 175104K, used 16459K [0x00000000e0000000, 0x00000000eab00000, 0x00000000f5580000)
  object space 175104K, 9% used [0x00000000e0000000,0x00000000e1012e38,0x00000000eab00000)
 Metaspace       used 34569K, capacity 35420K, committed 35496K, reserved 1079296K
  class space    used 4929K, capacity 5200K, committed 5248K, reserved 1048576K
}
Event: 18.246 GC heap before
{Heap before GC invocations=9 (full 2):
 PSYoungGen      total 158720K, used 142336K [0x00000000f5580000, 0x0000000100000000, 0x0000000100000000)
  eden space 142336K, 100% used [0x00000000f5580000,0x00000000fe080000,0x00000000fe080000)
  from space 16384K, 0% used [0x00000000ff000000,0x00000000ff000000,0x0000000100000000)
  to   space 15872K, 0% used [0x00000000fe080000,0x00000000fe080000,0x00000000ff000000)
 ParOldGen       total 175104K, used 16459K [0x00000000e0000000, 0x00000000eab00000, 0x00000000f5580000)
  object space 175104K, 9% used [0x00000000e0000000,0x00000000e1012e38,0x00000000eab00000)
 Metaspace       used 45782K, capacity 47296K, committed 47360K, reserved 1089536K
  class space    used 6504K, capacity 6850K, committed 6912K, reserved 1048576K
Event: 18.259 GC heap after
Heap after GC invocations=9 (full 2):
 PSYoungGen      total 156672K, used 14039K [0x00000000f5580000, 0x0000000100000000, 0x0000000100000000)
  eden space 142336K, 0% used [0x00000000f5580000,0x00000000f5580000,0x00000000fe080000)
  from space 14336K, 97% used [0x00000000fe080000,0x00000000fee35fb0,0x00000000fee80000)
  to   space 16896K, 0% used [0x00000000fef80000,0x00000000fef80000,0x0000000100000000)
 ParOldGen       total 175104K, used 16467K [0x00000000e0000000, 0x00000000eab00000, 0x00000000f5580000)
  object space 175104K, 9% used [0x00000000e0000000,0x00000000e1014e38,0x00000000eab00000)
 Metaspace       used 45782K, capacity 47296K, committed 47360K, reserved 1089536K
  class space    used 6504K, capacity 6850K, committed 6912K, reserved 1048576K
}
Event: 525.172 GC heap before
{Heap before GC invocations=10 (full 2):
 PSYoungGen      total 156672K, used 156375K [0x00000000f5580000, 0x0000000100000000, 0x0000000100000000)
  eden space 142336K, 100% used [0x00000000f5580000,0x00000000fe080000,0x00000000fe080000)
  from space 14336K, 97% used [0x00000000fe080000,0x00000000fee35fb0,0x00000000fee80000)
  to   space 16896K, 0% used [0x00000000fef80000,0x00000000fef80000,0x0000000100000000)
 ParOldGen       total 175104K, used 16467K [0x00000000e0000000, 0x00000000eab00000, 0x00000000f5580000)
  object space 175104K, 9% used [0x00000000e0000000,0x00000000e1014e38,0x00000000eab00000)
 Metaspace       used 46918K, capacity 48656K, committed 48768K, reserved 1091584K
  class space    used 6538K, capacity 6932K, committed 7040K, reserved 1048576K
Event: 525.204 GC heap after
Heap after GC invocations=10 (full 2):
 PSYoungGen      total 147456K, used 16872K [0x00000000f5580000, 0x0000000100000000, 0x0000000100000000)
  eden space 130560K, 0% used [0x00000000f5580000,0x00000000f5580000,0x00000000fd500000)
  from space 16896K, 99% used [0x00000000fef80000,0x00000000ffffa118,0x0000000100000000)
  to   space 22016K, 0% used [0x00000000fd500000,0x00000000fd500000,0x00000000fea80000)
 ParOldGen       total 175104K, used 23366K [0x00000000e0000000, 0x00000000eab00000, 0x00000000f5580000)
  object space 175104K, 13% used [0x00000000e0000000,0x00000000e16d1be8,0x00000000eab00000)
 Metaspace       used 46918K, capacity 48656K, committed 48768K, reserved 1091584K
  class space    used 6538K, capacity 6932K, committed 7040K, reserved 1048576K
}

Deoptimization events (10 events):
Event: 525.054 Thread 0x000000001adfe800 Uncommon trap: reason=predicate action=maybe_recompile pc=0x000000000370547c method=java.util.AbstractCollection.toArray([Ljava/lang/Object;)[Ljava/lang/Object; @ 49
Event: 525.092 Thread 0x000000001adfe800 Uncommon trap: reason=array_check action=maybe_recompile pc=0x00000000033b3234 method=java.util.ComparableTimSort.binarySort([Ljava/lang/Object;III)V @ 193
Event: 525.092 Thread 0x000000001adfe800 Uncommon trap: reason=array_check action=maybe_recompile pc=0x00000000033b3234 method=java.util.ComparableTimSort.binarySort([Ljava/lang/Object;III)V @ 193
Event: 525.092 Thread 0x000000001adfe800 Uncommon trap: reason=array_check action=maybe_recompile pc=0x00000000031ddd0c method=java.util.ComparableTimSort.binarySort([Ljava/lang/Object;III)V @ 215
Event: 525.094 Thread 0x000000001adfe800 Uncommon trap: reason=array_check action=maybe_recompile pc=0x0000000002ac5254 method=java.util.ComparableTimSort.binarySort([Ljava/lang/Object;III)V @ 215
Event: 525.166 Thread 0x000000001adfe800 Uncommon trap: reason=speculate_class_check action=maybe_recompile pc=0x00000000033e2548 method=com.sun.tools.javac.code.Type.hasTag(Lcom/sun/tools/javac/code/TypeTag;)Z @ 2
Event: 525.208 Thread 0x000000001adfe800 Uncommon trap: reason=null_check action=make_not_entrant pc=0x000000000323623c method=com.sun.tools.javac.util.UnsharedNameTable.fromUtf([BII)Lcom/sun/tools/javac/util/Name; @ 50
Event: 525.223 Thread 0x000000001adfe800 Uncommon trap: reason=null_check action=make_not_entrant pc=0x000000000325fb18 method=com.sun.tools.javac.util.UnsharedNameTable.fromUtf([BII)Lcom/sun/tools/javac/util/Name; @ 50
Event: 555.389 Thread 0x000000001adfe000 Uncommon trap: reason=predicate action=maybe_recompile pc=0x000000000373482c method=java.util.ComparableTimSort.reverseRange([Ljava/lang/Object;II)V @ 8
Event: 555.450 Thread 0x000000001adfe000 Uncommon trap: reason=speculate_class_check action=maybe_recompile pc=0x00000000033e2548 method=com.sun.tools.javac.code.Type.hasTag(Lcom/sun/tools/javac/code/TypeTag;)Z @ 2

Classes redefined (0 events):
No events

Internal exceptions (10 events):
Event: 68.708 Thread 0x000000001ae08800 Exception <a 'java/io/FileNotFoundException'> (0x00000000f6fc3320) thrown at [C:\jenkins\workspace\8-2-build-windows-amd64-cygwin\jdk8u251\737\hotspot\src\share\vm\prims\jni.cpp, line 710]
Event: 68.712 Thread 0x000000001ae08800 Exception <a 'java/io/FileNotFoundException'> (0x00000000f6ff5458) thrown at [C:\jenkins\workspace\8-2-build-windows-amd64-cygwin\jdk8u251\737\hotspot\src\share\vm\prims\jni.cpp, line 710]
Event: 467.013 Thread 0x000000001ae01800 Exception <a 'java/io/FileNotFoundException'> (0x00000000fa2a7888) thrown at [C:\jenkins\workspace\8-2-build-windows-amd64-cygwin\jdk8u251\737\hotspot\src\share\vm\prims\jni.cpp, line 710]
Event: 467.014 Thread 0x000000001ae01800 Exception <a 'java/io/FileNotFoundException'> (0x00000000fa2d99d8) thrown at [C:\jenkins\workspace\8-2-build-windows-amd64-cygwin\jdk8u251\737\hotspot\src\share\vm\prims\jni.cpp, line 710]
Event: 525.096 Thread 0x000000001adfe800 Exception <a 'java/io/FileNotFoundException'> (0x00000000fceaccb8) thrown at [C:\jenkins\workspace\8-2-build-windows-amd64-cygwin\jdk8u251\737\hotspot\src\share\vm\prims\jni.cpp, line 710]
Event: 525.097 Thread 0x000000001adfe800 Exception <a 'java/io/FileNotFoundException'> (0x00000000fcededf0) thrown at [C:\jenkins\workspace\8-2-build-windows-amd64-cygwin\jdk8u251\737\hotspot\src\share\vm\prims\jni.cpp, line 710]
Event: 525.208 Thread 0x000000001adfe800 Implicit null exception at 0x0000000003235b00 to 0x00000000032361f5
Event: 525.223 Thread 0x000000001adfe800 Implicit null exception at 0x0000000003260d0d to 0x000000000325fae9
Event: 555.416 Thread 0x000000001adfe000 Exception <a 'java/io/FileNotFoundException'> (0x00000000f70bf600) thrown at [C:\jenkins\workspace\8-2-build-windows-amd64-cygwin\jdk8u251\737\hotspot\src\share\vm\prims\jni.cpp, line 710]
Event: 555.417 Thread 0x000000001adfe000 Exception <a 'java/io/FileNotFoundException'> (0x00000000f70ff628) thrown at [C:\jenkins\workspace\8-2-build-windows-amd64-cygwin\jdk8u251\737\hotspot\src\share\vm\prims\jni.cpp, line 710]

Events (10 events):
Event: 555.389 Thread 0x000000001adfe000 Uncommon trap: trap_request=0xffffff86 fr.pc=0x000000000373482c
Event: 555.389 Thread 0x000000001adfe000 DEOPT PACKING pc=0x000000000373482c sp=0x000000001e3ca570
Event: 555.389 Thread 0x000000001adfe000 DEOPT UNPACKING pc=0x000000000248583b sp=0x000000001e3ca4b0 mode 2
Event: 555.391 Thread 0x000000001adfe000 DEOPT PACKING pc=0x00000000034d32a6 sp=0x000000001e3ca710
Event: 555.391 Thread 0x000000001adfe000 DEOPT UNPACKING pc=0x0000000002487890 sp=0x000000001e3ca510 mode 0
Event: 555.450 Thread 0x000000001adfe000 Uncommon trap: trap_request=0xffffff76 fr.pc=0x00000000033e2548
Event: 555.450 Thread 0x000000001adfe000 DEOPT PACKING pc=0x00000000033e2548 sp=0x000000001e3c9670
Event: 555.450 Thread 0x000000001adfe000 DEOPT UNPACKING pc=0x000000000248583b sp=0x000000001e3c95e8 mode 2
Event: 555.451 Thread 0x000000001adfe000 DEOPT PACKING pc=0x00000000033f6ecf sp=0x000000001e3c8f20
Event: 555.451 Thread 0x000000001adfe000 DEOPT UNPACKING pc=0x0000000002487890 sp=0x000000001e3c8d20 mode 0


Dynamic libraries:
0x00007ff74bd40000 - 0x00007ff74bd77000 	C:\Program Files\Java\jdk1.8.0_251\bin\java.exe
0x00007fff2b080000 - 0x00007fff2b270000 	C:\Windows\SYSTEM32\ntdll.dll
0x00007fff29280000 - 0x00007fff29332000 	C:\Windows\System32\KERNEL32.DLL
0x00007fff283b0000 - 0x00007fff28654000 	C:\Windows\System32\KERNELBASE.dll
0x00007fff2a6a0000 - 0x00007fff2a743000 	C:\Windows\System32\ADVAPI32.dll
0x00007fff2afa0000 - 0x00007fff2b03e000 	C:\Windows\System32\msvcrt.dll
0x00007fff299c0000 - 0x00007fff29a57000 	C:\Windows\System32\sechost.dll
0x00007fff2a310000 - 0x00007fff2a430000 	C:\Windows\System32\RPCRT4.dll
0x00007fff29820000 - 0x00007fff299b4000 	C:\Windows\System32\USER32.dll
0x00007fff28020000 - 0x00007fff28041000 	C:\Windows\System32\win32u.dll
0x00007fff2ad10000 - 0x00007fff2ad36000 	C:\Windows\System32\GDI32.dll
0x00007fff28f90000 - 0x00007fff29126000 	C:\Windows\System32\gdi32full.dll
0x00007fff28710000 - 0x00007fff287ae000 	C:\Windows\System32\msvcp_win.dll
0x00007fff282b0000 - 0x00007fff283aa000 	C:\Windows\System32\ucrtbase.dll
0x00007fff09f90000 - 0x00007fff0a214000 	C:\Windows\WinSxS\amd64_microsoft.windows.common-controls_6595b64144ccf1df_6.0.18362.959_none_e6c7bbbf130c62bb\COMCTL32.dll
0x00007fff29340000 - 0x00007fff29675000 	C:\Windows\System32\combase.dll
0x00007fff280b0000 - 0x00007fff28130000 	C:\Windows\System32\bcryptPrimitives.dll
0x00007fff297e0000 - 0x00007fff2980e000 	C:\Windows\System32\IMM32.DLL
0x0000000063e50000 - 0x0000000063f22000 	C:\Program Files\Java\jdk1.8.0_251\jre\bin\msvcr100.dll
0x00000000635a0000 - 0x0000000063e4b000 	C:\Program Files\Java\jdk1.8.0_251\jre\bin\server\jvm.dll
0x00007fff29810000 - 0x00007fff29818000 	C:\Windows\System32\PSAPI.DLL
0x00007fff226d0000 - 0x00007fff226d9000 	C:\Windows\SYSTEM32\WSOCK32.dll
0x00007fff20a30000 - 0x00007fff20a3a000 	C:\Windows\SYSTEM32\VERSION.dll
0x00007fff25c60000 - 0x00007fff25c84000 	C:\Windows\SYSTEM32\WINMM.dll
0x00007fff2a7b0000 - 0x00007fff2a81f000 	C:\Windows\System32\WS2_32.dll
0x00007fff25ad0000 - 0x00007fff25afd000 	C:\Windows\SYSTEM32\winmmbase.dll
0x00007fff287b0000 - 0x00007fff287fa000 	C:\Windows\System32\cfgmgr32.dll
0x00007fff242a0000 - 0x00007fff242af000 	C:\Program Files\Java\jdk1.8.0_251\jre\bin\verify.dll
0x00007fff24270000 - 0x00007fff24299000 	C:\Program Files\Java\jdk1.8.0_251\jre\bin\java.dll
0x00007fff24250000 - 0x00007fff24266000 	C:\Program Files\Java\jdk1.8.0_251\jre\bin\zip.dll
0x00007fff29a60000 - 0x00007fff2a146000 	C:\Windows\System32\SHELL32.dll
0x00007fff2ad40000 - 0x00007fff2ade9000 	C:\Windows\System32\shcore.dll
0x00007fff28800000 - 0x00007fff28f82000 	C:\Windows\System32\windows.storage.dll
0x00007fff27fb0000 - 0x00007fff27fd3000 	C:\Windows\System32\profapi.dll
0x00007fff27f60000 - 0x00007fff27faa000 	C:\Windows\System32\powrprof.dll
0x00007fff27f30000 - 0x00007fff27f40000 	C:\Windows\System32\UMPDC.dll
0x00007fff2a4c0000 - 0x00007fff2a512000 	C:\Windows\System32\shlwapi.dll
0x00007fff27f40000 - 0x00007fff27f51000 	C:\Windows\System32\kernel.appcore.dll
0x00007fff28000000 - 0x00007fff28017000 	C:\Windows\System32\cryptsp.dll
0x00007fff24230000 - 0x00007fff2424a000 	C:\Program Files\Java\jdk1.8.0_251\jre\bin\net.dll
0x00007fff27740000 - 0x00007fff277a7000 	C:\Windows\system32\mswsock.dll
0x00007fff24210000 - 0x00007fff24222000 	C:\Program Files\Java\jdk1.8.0_251\jre\bin\nio.dll
0x00007fff242b0000 - 0x00007fff242d6000 	C:\Users\ingaw\.gradle\native\31\windows-amd64\native-platform.dll
0x00007fff24200000 - 0x00007fff2420d000 	C:\Program Files\Java\jdk1.8.0_251\jre\bin\management.dll
0x00007fff272b0000 - 0x00007fff272e3000 	C:\Windows\system32\rsaenh.dll
0x00007fff28130000 - 0x00007fff28156000 	C:\Windows\System32\bcrypt.dll
0x00007fff27e50000 - 0x00007fff27e75000 	C:\Windows\SYSTEM32\USERENV.dll
0x00007fff27910000 - 0x00007fff2791c000 	C:\Windows\SYSTEM32\CRYPTBASE.dll
0x00007fff27450000 - 0x00007fff2748a000 	C:\Windows\SYSTEM32\IPHLPAPI.DLL
0x00007fff2a290000 - 0x00007fff2a298000 	C:\Windows\System32\NSI.dll
0x00007fff1dc80000 - 0x00007fff1dc96000 	C:\Windows\SYSTEM32\dhcpcsvc6.DLL
0x00007fff1f2b0000 - 0x00007fff1f2cc000 	C:\Windows\SYSTEM32\dhcpcsvc.DLL
0x00007fff27490000 - 0x00007fff2755b000 	C:\Windows\SYSTEM32\DNSAPI.dll
0x00007fff26860000 - 0x00007fff26a54000 	C:\Windows\SYSTEM32\dbghelp.dll

VM Arguments:
jvm_args: -XX:MaxMetaspaceSize=256m -XX:+HeapDumpOnOutOfMemoryError -Xms256m -Xmx512m -Dfile.encoding=windows-1250 -Duser.country=PL -Duser.language=pl -Duser.variant 
java_command: org.gradle.launcher.daemon.bootstrap.GradleDaemon 6.1
java_class_path (initial): C:\Users\ingaw\.gradle\wrapper\dists\gradle-6.1-bin\74ow5f78ml5iin9568hvtcqz9\gradle-6.1\lib\gradle-launcher-6.1.jar
Launcher Type: SUN_STANDARD

Environment Variables:
JAVA_HOME=C:\Program Files\Java\jdk1.8.0_251
PATH=C:\Program Files\Java\jdk1.8.0_251\bin;C:\Program Files (x86)\Common Files\Oracle\Java\javapath;C:\Windows\system32;C:\Windows;C:\Windows\System32\Wbem;C:\Windows\System32\WindowsPowerShell\v1.0\;C:\Windows\System32\OpenSSH\;C:\Program Files\Git\cmd;C:\Program Files\Git\mingw64\bin;C:\Program Files\Git\usr\bin;C:\gradle-6.4.1\bin;C:\Users\ingaw\AppData\Local\Microsoft\WindowsApps;
USERNAME=ingaw
OS=Windows_NT
PROCESSOR_IDENTIFIER=Intel64 Family 6 Model 126 Stepping 5, GenuineIntel



---------------  S Y S T E M  ---------------

OS: Windows 10.0 , 64 bit Build 18362 (10.0.18362.959)

CPU:total 8 (initial active 8) (4 cores per cpu, 2 threads per core) family 6 model 126 stepping 5, cmov, cx8, fxsr, mmx, sse, sse2, sse3, ssse3, sse4.1, sse4.2, popcnt, avx, avx2, aes, clmul, erms, 3dnowpref, lzcnt, ht, tsc, tscinvbit, bmi1, bmi2, adx

Memory: 4k page, physical 8150496k(1542536k free), swap 12331404k(2543568k free)

vm_info: Java HotSpot(TM) 64-Bit Server VM (25.251-b08) for windows-amd64 JRE (1.8.0_251-b08), built on Mar 12 2020 06:31:49 by "" with MS VC++ 10.0 (VS2010)

time: Mon Aug 03 22:23:31 2020
timezone: Œrodkowoeuropejski czas letni
elapsed time: 555 seconds (0d 0h 9m 15s)

